  agree.c
  cs50.c
C:\Users\pc_admin\Downloads\repos\CS50x\Lectures\Week 1\C\C\C\agree.c(2,10): error C1083: Cannot open include file: 'cs50.h': No such file or directory
C:\Users\pc_admin\Downloads\repos\CS50x\Lectures\Week 1\C\C\C\cs50.h(58,40): error C2061: syntax error: identifier '__attribute__'
  (compiling source file 'cs50.c')
  
C:\Users\pc_admin\Downloads\repos\CS50x\Lectures\Week 1\C\C\C\cs50.h(58,40): error C2059: syntax error: ';'
  (compiling source file 'cs50.c')
  
C:\Users\pc_admin\Downloads\repos\CS50x\Lectures\Week 1\C\C\C\cs50.h(58,70): error C2059: syntax error: 'constant'
  (compiling source file 'cs50.c')
  
C:\Users\pc_admin\Downloads\repos\CS50x\Lectures\Week 1\C\C\C\cs50.h(58,73): error C2059: syntax error: 'constant'
  (compiling source file 'cs50.c')
  
C:\Users\pc_admin\Downloads\repos\CS50x\Lectures\Week 1\C\C\C\cs50.h(66,44): error C2061: syntax error: identifier '__attribute__'
  (compiling source file 'cs50.c')
  
C:\Users\pc_admin\Downloads\repos\CS50x\Lectures\Week 1\C\C\C\cs50.h(66,44): error C2059: syntax error: ';'
  (compiling source file 'cs50.c')
  
C:\Users\pc_admin\Downloads\repos\CS50x\Lectures\Week 1\C\C\C\cs50.h(66,74): error C2059: syntax error: 'constant'
  (compiling source file 'cs50.c')
  
C:\Users\pc_admin\Downloads\repos\CS50x\Lectures\Week 1\C\C\C\cs50.h(66,77): error C2059: syntax error: 'constant'
  (compiling source file 'cs50.c')
  
C:\Users\pc_admin\Downloads\repos\CS50x\Lectures\Week 1\C\C\C\cs50.h(74,42): error C2061: syntax error: identifier '__attribute__'
  (compiling source file 'cs50.c')
  
C:\Users\pc_admin\Downloads\repos\CS50x\Lectures\Week 1\C\C\C\cs50.h(74,42): error C2059: syntax error: ';'
  (compiling source file 'cs50.c')
  
C:\Users\pc_admin\Downloads\repos\CS50x\Lectures\Week 1\C\C\C\cs50.h(74,72): error C2059: syntax error: 'constant'
  (compiling source file 'cs50.c')
  
C:\Users\pc_admin\Downloads\repos\CS50x\Lectures\Week 1\C\C\C\cs50.h(74,75): error C2059: syntax error: 'constant'
  (compiling source file 'cs50.c')
  
C:\Users\pc_admin\Downloads\repos\CS50x\Lectures\Week 1\C\C\C\cs50.h(82,38): error C2061: syntax error: identifier '__attribute__'
  (compiling source file 'cs50.c')
  
C:\Users\pc_admin\Downloads\repos\CS50x\Lectures\Week 1\C\C\C\cs50.h(82,38): error C2059: syntax error: ';'
  (compiling source file 'cs50.c')
  
C:\Users\pc_admin\Downloads\repos\CS50x\Lectures\Week 1\C\C\C\cs50.h(82,68): error C2059: syntax error: 'constant'
  (compiling source file 'cs50.c')
  
C:\Users\pc_admin\Downloads\repos\CS50x\Lectures\Week 1\C\C\C\cs50.h(82,71): error C2059: syntax error: 'constant'
  (compiling source file 'cs50.c')
  
C:\Users\pc_admin\Downloads\repos\CS50x\Lectures\Week 1\C\C\C\cs50.h(90,40): error C2061: syntax error: identifier '__attribute__'
  (compiling source file 'cs50.c')
  
C:\Users\pc_admin\Downloads\repos\CS50x\Lectures\Week 1\C\C\C\cs50.h(90,40): error C2059: syntax error: ';'
  (compiling source file 'cs50.c')
  
C:\Users\pc_admin\Downloads\repos\CS50x\Lectures\Week 1\C\C\C\cs50.h(90,70): error C2059: syntax error: 'constant'
  (compiling source file 'cs50.c')
  
C:\Users\pc_admin\Downloads\repos\CS50x\Lectures\Week 1\C\C\C\cs50.h(90,73): error C2059: syntax error: 'constant'
  (compiling source file 'cs50.c')
  
C:\Users\pc_admin\Downloads\repos\CS50x\Lectures\Week 1\C\C\C\cs50.h(98,50): error C2061: syntax error: identifier '__attribute__'
  (compiling source file 'cs50.c')
  
C:\Users\pc_admin\Downloads\repos\CS50x\Lectures\Week 1\C\C\C\cs50.h(98,50): error C2059: syntax error: ';'
  (compiling source file 'cs50.c')
  
C:\Users\pc_admin\Downloads\repos\CS50x\Lectures\Week 1\C\C\C\cs50.h(98,80): error C2059: syntax error: 'constant'
  (compiling source file 'cs50.c')
  
C:\Users\pc_admin\Downloads\repos\CS50x\Lectures\Week 1\C\C\C\cs50.h(98,83): error C2059: syntax error: 'constant'
  (compiling source file 'cs50.c')
  
C:\Users\pc_admin\Downloads\repos\CS50x\Lectures\Week 1\C\C\C\cs50.h(108,59): error C2061: syntax error: identifier '__attribute__'
  (compiling source file 'cs50.c')
  
C:\Users\pc_admin\Downloads\repos\CS50x\Lectures\Week 1\C\C\C\cs50.h(108,59): error C2059: syntax error: ';'
  (compiling source file 'cs50.c')
  
C:\Users\pc_admin\Downloads\repos\CS50x\Lectures\Week 1\C\C\C\cs50.h(108,89): error C2059: syntax error: 'constant'
  (compiling source file 'cs50.c')
  
C:\Users\pc_admin\Downloads\repos\CS50x\Lectures\Week 1\C\C\C\cs50.h(108,92): error C2059: syntax error: 'constant'
  (compiling source file 'cs50.c')
  
C:\Users\pc_admin\Downloads\repos\CS50x\Lectures\Week 1\C\C\C\cs50.c(56,9): warning C4068: unknown pragma 'GCC'
C:\Users\pc_admin\Downloads\repos\CS50x\Lectures\Week 1\C\C\C\cs50.c(57,9): warning C4068: unknown pragma 'GCC'
C:\Users\pc_admin\Downloads\repos\CS50x\Lectures\Week 1\C\C\C\cs50.c(235,13): error C4996: 'sscanf': This function or variable may be unsafe. Consider using sscanf_s instead. To disable deprecation, use _CRT_SECURE_NO_WARNINGS. See online help for details.
C:\Users\pc_admin\Downloads\repos\CS50x\Lectures\Week 1\C\C\C\cs50.c(490,9): warning C4068: unknown pragma 'GCC'
  Generating Code...
